<?xml version="1.0" encoding="UTF-8"?>
<coverage generated="1659727674665" clover="3.2.0">
  <project timestamp="1659727674665" name="All files">
    <metrics statements="46" coveredstatements="38" conditionals="8" coveredconditionals="5" methods="10" coveredmethods="9" elements="64" coveredelements="52" complexity="0" loc="46" ncloc="46" packages="5" files="12" classes="12"/>
    <package name="Assets">
      <metrics statements="3" coveredstatements="3" conditionals="0" coveredconditionals="0" methods="0" coveredmethods="0"/>
      <file name="CapitalScreenBG.jpg" path="E:\05-08-2022\weather_country_app\Assets\CapitalScreenBG.jpg">
        <metrics statements="1" coveredstatements="1" conditionals="0" coveredconditionals="0" methods="0" coveredmethods="0"/>
        <line num="1" count="1" type="stmt"/>
      </file>
      <file name="CountryScreenBG.jpg" path="E:\05-08-2022\weather_country_app\Assets\CountryScreenBG.jpg">
        <metrics statements="1" coveredstatements="1" conditionals="0" coveredconditionals="0" methods="0" coveredmethods="0"/>
        <line num="1" count="1" type="stmt"/>
      </file>
      <file name="HomeScreenBG.jpg" path="E:\05-08-2022\weather_country_app\Assets\HomeScreenBG.jpg">
        <metrics statements="1" coveredstatements="1" conditionals="0" coveredconditionals="0" methods="0" coveredmethods="0"/>
        <line num="1" count="1" type="stmt"/>
      </file>
    </package>
    <package name="Constants">
      <metrics statements="7" coveredstatements="7" conditionals="0" coveredconditionals="0" methods="0" coveredmethods="0"/>
      <file name="Colors.ts" path="E:\05-08-2022\weather_country_app\Constants\Colors.ts">
        <metrics statements="0" coveredstatements="0" conditionals="0" coveredconditionals="0" methods="0" coveredmethods="0"/>
      </file>
      <file name="Strings.ts" path="E:\05-08-2022\weather_country_app\Constants\Strings.ts">
        <metrics statements="7" coveredstatements="7" conditionals="0" coveredconditionals="0" methods="0" coveredmethods="0"/>
        <line num="2" count="3" type="stmt"/>
        <line num="3" count="3" type="stmt"/>
        <line num="6" count="3" type="stmt"/>
        <line num="7" count="3" type="stmt"/>
        <line num="8" count="3" type="stmt"/>
        <line num="11" count="3" type="stmt"/>
        <line num="12" count="3" type="stmt"/>
      </file>
      <file name="Typography.ts" path="E:\05-08-2022\weather_country_app\Constants\Typography.ts">
        <metrics statements="0" coveredstatements="0" conditionals="0" coveredconditionals="0" methods="0" coveredmethods="0"/>
      </file>
    </package>
    <package name="Screens.CapitalWeather">
      <metrics statements="6" coveredstatements="6" conditionals="0" coveredconditionals="0" methods="2" coveredmethods="2"/>
      <file name="index.tsx" path="E:\05-08-2022\weather_country_app\Screens\CapitalWeather\index.tsx">
        <metrics statements="5" coveredstatements="5" conditionals="0" coveredconditionals="0" methods="2" coveredmethods="2"/>
        <line num="12" count="1" type="stmt"/>
        <line num="14" count="2" type="stmt"/>
        <line num="16" count="2" type="stmt"/>
        <line num="17" count="1" type="stmt"/>
        <line num="20" count="2" type="stmt"/>
      </file>
      <file name="styles.ts" path="E:\05-08-2022\weather_country_app\Screens\CapitalWeather\styles.ts">
        <metrics statements="1" coveredstatements="1" conditionals="0" coveredconditionals="0" methods="0" coveredmethods="0"/>
        <line num="5" count="1" type="stmt"/>
      </file>
    </package>
    <package name="Screens.CountryScreen">
      <metrics statements="12" coveredstatements="9" conditionals="0" coveredconditionals="0" methods="4" coveredmethods="3"/>
      <file name="index.tsx" path="E:\05-08-2022\weather_country_app\Screens\CountryScreen\index.tsx">
        <metrics statements="11" coveredstatements="8" conditionals="0" coveredconditionals="0" methods="4" coveredmethods="3"/>
        <line num="13" count="1" type="stmt"/>
        <line num="14" count="1" type="stmt"/>
        <line num="16" count="1" type="stmt"/>
        <line num="17" count="1" type="stmt"/>
        <line num="20" count="4" type="stmt"/>
        <line num="24" count="4" type="stmt"/>
        <line num="25" count="0" type="stmt"/>
        <line num="26" count="0" type="stmt"/>
        <line num="27" count="0" type="stmt"/>
        <line num="30" count="4" type="stmt"/>
        <line num="33" count="1" type="stmt"/>
      </file>
      <file name="styles.ts" path="E:\05-08-2022\weather_country_app\Screens\CountryScreen\styles.ts">
        <metrics statements="1" coveredstatements="1" conditionals="0" coveredconditionals="0" methods="0" coveredmethods="0"/>
        <line num="5" count="1" type="stmt"/>
      </file>
    </package>
    <package name="Screens.HomeScreen">
      <metrics statements="18" coveredstatements="13" conditionals="8" coveredconditionals="5" methods="4" coveredmethods="4"/>
      <file name="index.tsx" path="E:\05-08-2022\weather_country_app\Screens\HomeScreen\index.tsx">
        <metrics statements="17" coveredstatements="12" conditionals="8" coveredconditionals="5" methods="4" coveredmethods="4"/>
        <line num="10" count="1" type="stmt"/>
        <line num="11" count="1" type="stmt"/>
        <line num="13" count="1" type="stmt"/>
        <line num="15" count="3" type="stmt"/>
        <line num="16" count="3" type="stmt"/>
        <line num="19" count="3" type="stmt"/>
        <line num="20" count="3" type="cond" truecount="3" falsecount="1"/>
        <line num="21" count="0" type="stmt"/>
        <line num="23" count="3" type="stmt"/>
        <line num="27" count="3" type="stmt"/>
        <line num="28" count="1" type="cond" truecount="1" falsecount="1"/>
        <line num="29" count="0" type="stmt"/>
        <line num="30" count="0" type="stmt"/>
        <line num="31" count="0" type="stmt"/>
        <line num="32" count="0" type="stmt"/>
        <line num="34" count="1" type="stmt"/>
        <line num="39" count="3" type="stmt"/>
      </file>
      <file name="styles.ts" path="E:\05-08-2022\weather_country_app\Screens\HomeScreen\styles.ts">
        <metrics statements="1" coveredstatements="1" conditionals="0" coveredconditionals="0" methods="0" coveredmethods="0"/>
        <line num="5" count="1" type="stmt"/>
      </file>
    </package>
  </project>
</coverage>
