{"E:\\05-08-2022\\weather_country_app\\Assets\\CapitalScreenBG.jpg": {"path":"E:\\05-08-2022\\weather_country_app\\Assets\\CapitalScreenBG.jpg","statementMap":{"0":{"start":{"line":1,"column":0},"end":{"line":4,"column":6}}},"fnMap":{},"branchMap":{},"s":{"0":1},"f":{},"b":{},"_coverageSchema":"1a1c01bbd47fc00a2c39e90264f33305004495a9","hash":"efde2176b507d51fd3a5ef4a3fd2328d6031e050"}
,"E:\\05-08-2022\\weather_country_app\\Assets\\CountryScreenBG.jpg": {"path":"E:\\05-08-2022\\weather_country_app\\Assets\\CountryScreenBG.jpg","statementMap":{"0":{"start":{"line":1,"column":0},"end":{"line":4,"column":6}}},"fnMap":{},"branchMap":{},"s":{"0":1},"f":{},"b":{},"_coverageSchema":"1a1c01bbd47fc00a2c39e90264f33305004495a9","hash":"a63923cbd08738695572af51ef2a74f1ee1ba31a"}
,"E:\\05-08-2022\\weather_country_app\\Assets\\HomeScreenBG.jpg": {"path":"E:\\05-08-2022\\weather_country_app\\Assets\\HomeScreenBG.jpg","statementMap":{"0":{"start":{"line":1,"column":0},"end":{"line":4,"column":6}}},"fnMap":{},"branchMap":{},"s":{"0":1},"f":{},"b":{},"_coverageSchema":"1a1c01bbd47fc00a2c39e90264f33305004495a9","hash":"f2434d85c0ca33d9e3f5fe91f16d97daedfad4fc"}
,"E:\\05-08-2022\\weather_country_app\\Constants\\Colors.ts": {"path":"E:\\05-08-2022\\weather_country_app\\Constants\\Colors.ts","statementMap":{},"fnMap":{},"branchMap":{},"s":{},"f":{},"b":{},"_coverageSchema":"1a1c01bbd47fc00a2c39e90264f33305004495a9","hash":"913fb407e93c6248cdd31071a74658e2cb7721b4"}
,"E:\\05-08-2022\\weather_country_app\\Constants\\Strings.ts": {"path":"E:\\05-08-2022\\weather_country_app\\Constants\\Strings.ts","statementMap":{"0":{"start":{"line":2,"column":49},"end":{"line":2,"column":81}},"1":{"start":{"line":3,"column":41},"end":{"line":3,"column":65}},"2":{"start":{"line":6,"column":46},"end":{"line":6,"column":76}},"3":{"start":{"line":7,"column":41},"end":{"line":7,"column":66}},"4":{"start":{"line":8,"column":41},"end":{"line":8,"column":66}},"5":{"start":{"line":11,"column":54},"end":{"line":11,"column":90}},"6":{"start":{"line":12,"column":41},"end":{"line":12,"column":65}}},"fnMap":{},"branchMap":{},"s":{"0":3,"1":3,"2":3,"3":3,"4":3,"5":3,"6":3},"f":{},"b":{},"_coverageSchema":"1a1c01bbd47fc00a2c39e90264f33305004495a9","hash":"66801299e6ff8bca9f1e87275d75dcc49ea3625b"}
,"E:\\05-08-2022\\weather_country_app\\Constants\\Typography.ts": {"path":"E:\\05-08-2022\\weather_country_app\\Constants\\Typography.ts","statementMap":{},"fnMap":{},"branchMap":{},"s":{},"f":{},"b":{},"_coverageSchema":"1a1c01bbd47fc00a2c39e90264f33305004495a9","hash":"14ba399f29fb0cef3c59c80e379a1652fc47737f"}
,"E:\\05-08-2022\\weather_country_app\\Screens\\CapitalWeather\\index.tsx": {"path":"E:\\05-08-2022\\weather_country_app\\Screens\\CapitalWeather\\index.tsx","statementMap":{"0":{"start":{"line":12,"column":23},"end":{"line":70,"column":1}},"1":{"start":{"line":14,"column":31},"end":{"line":14,"column":60}},"2":{"start":{"line":16,"column":28},"end":{"line":18,"column":5}},"3":{"start":{"line":17,"column":8},"end":{"line":17,"column":28}},"4":{"start":{"line":20,"column":2},"end":{"line":69,"column":3}}},"fnMap":{"0":{"name":"(anonymous_0)","decl":{"start":{"line":12,"column":23},"end":{"line":12,"column":24}},"loc":{"start":{"line":12,"column":52},"end":{"line":70,"column":1}},"line":12},"1":{"name":"(anonymous_1)","decl":{"start":{"line":16,"column":28},"end":{"line":16,"column":29}},"loc":{"start":{"line":16,"column":34},"end":{"line":18,"column":5}},"line":16}},"branchMap":{},"s":{"0":1,"1":2,"2":2,"3":1,"4":2},"f":{"0":2,"1":1},"b":{},"_coverageSchema":"1a1c01bbd47fc00a2c39e90264f33305004495a9","hash":"c38295edf4780150e0ce135cb7002d11c26e7580"}
,"E:\\05-08-2022\\weather_country_app\\Screens\\CapitalWeather\\styles.ts": {"path":"E:\\05-08-2022\\weather_country_app\\Screens\\CapitalWeather\\styles.ts","statementMap":{"0":{"start":{"line":5,"column":15},"end":{"line":124,"column":2}}},"fnMap":{},"branchMap":{},"s":{"0":1},"f":{},"b":{},"_coverageSchema":"1a1c01bbd47fc00a2c39e90264f33305004495a9","hash":"eeb2d91f7922ecfdfa754bb2cef0c95113c78de2"}
,"E:\\05-08-2022\\weather_country_app\\Screens\\CountryScreen\\index.tsx": {"path":"E:\\05-08-2022\\weather_country_app\\Screens\\CountryScreen\\index.tsx","statementMap":{"0":{"start":{"line":13,"column":33},"end":{"line":14,"column":115}},"1":{"start":{"line":14,"column":4},"end":{"line":14,"column":115}},"2":{"start":{"line":16,"column":26},"end":{"line":16,"column":60}},"3":{"start":{"line":17,"column":22},"end":{"line":97,"column":1}},"4":{"start":{"line":20,"column":24},"end":{"line":20,"column":53}},"5":{"start":{"line":24,"column":33},"end":{"line":28,"column":5}},"6":{"start":{"line":25,"column":25},"end":{"line":25,"column":63}},"7":{"start":{"line":26,"column":31},"end":{"line":26,"column":44}},"8":{"start":{"line":27,"column":8},"end":{"line":27,"column":63}},"9":{"start":{"line":30,"column":2},"end":{"line":96,"column":3}},"10":{"start":{"line":33,"column":82},"end":{"line":33,"column":101}}},"fnMap":{"0":{"name":"(anonymous_0)","decl":{"start":{"line":13,"column":33},"end":{"line":13,"column":34}},"loc":{"start":{"line":14,"column":4},"end":{"line":14,"column":115}},"line":14},"1":{"name":"(anonymous_1)","decl":{"start":{"line":17,"column":22},"end":{"line":17,"column":23}},"loc":{"start":{"line":17,"column":53},"end":{"line":97,"column":1}},"line":17},"2":{"name":"(anonymous_2)","decl":{"start":{"line":24,"column":33},"end":{"line":24,"column":34}},"loc":{"start":{"line":24,"column":45},"end":{"line":28,"column":5}},"line":24},"3":{"name":"(anonymous_3)","decl":{"start":{"line":33,"column":76},"end":{"line":33,"column":77}},"loc":{"start":{"line":33,"column":82},"end":{"line":33,"column":101}},"line":33}},"branchMap":{},"s":{"0":1,"1":1,"2":1,"3":1,"4":4,"5":4,"6":0,"7":0,"8":0,"9":4,"10":1},"f":{"0":1,"1":4,"2":0,"3":1},"b":{},"_coverageSchema":"1a1c01bbd47fc00a2c39e90264f33305004495a9","hash":"61e90171cbf8de074451cc38ac19c9cd9fd6f486"}
,"E:\\05-08-2022\\weather_country_app\\Screens\\CountryScreen\\styles.ts": {"path":"E:\\05-08-2022\\weather_country_app\\Screens\\CountryScreen\\styles.ts","statementMap":{"0":{"start":{"line":5,"column":15},"end":{"line":121,"column":2}}},"fnMap":{},"branchMap":{},"s":{"0":1},"f":{},"b":{},"_coverageSchema":"1a1c01bbd47fc00a2c39e90264f33305004495a9","hash":"8a30ebca070573a48c8347594091dc698e230f0a"}
,"E:\\05-08-2022\\weather_country_app\\Screens\\HomeScreen\\index.tsx": {"path":"E:\\05-08-2022\\weather_country_app\\Screens\\HomeScreen\\index.tsx","statementMap":{"0":{"start":{"line":10,"column":26},"end":{"line":11,"column":69}},"1":{"start":{"line":11,"column":4},"end":{"line":11,"column":69}},"2":{"start":{"line":13,"column":19},"end":{"line":69,"column":1}},"3":{"start":{"line":15,"column":34},"end":{"line":15,"column":46}},"4":{"start":{"line":16,"column":42},"end":{"line":16,"column":74}},"5":{"start":{"line":19,"column":4},"end":{"line":25,"column":17}},"6":{"start":{"line":20,"column":8},"end":{"line":24,"column":9}},"7":{"start":{"line":21,"column":12},"end":{"line":21,"column":41}},"8":{"start":{"line":23,"column":12},"end":{"line":23,"column":50}},"9":{"start":{"line":27,"column":21},"end":{"line":36,"column":5}},"10":{"start":{"line":28,"column":8},"end":{"line":35,"column":9}},"11":{"start":{"line":29,"column":29},"end":{"line":29,"column":54}},"12":{"start":{"line":30,"column":32},"end":{"line":30,"column":45}},"13":{"start":{"line":31,"column":12},"end":{"line":31,"column":57}},"14":{"start":{"line":32,"column":12},"end":{"line":32,"column":26}},"15":{"start":{"line":34,"column":12},"end":{"line":34,"column":18}},"16":{"start":{"line":39,"column":2},"end":{"line":68,"column":3}}},"fnMap":{"0":{"name":"(anonymous_0)","decl":{"start":{"line":10,"column":26},"end":{"line":10,"column":27}},"loc":{"start":{"line":11,"column":4},"end":{"line":11,"column":69}},"line":11},"1":{"name":"(anonymous_1)","decl":{"start":{"line":13,"column":19},"end":{"line":13,"column":20}},"loc":{"start":{"line":13,"column":42},"end":{"line":69,"column":1}},"line":13},"2":{"name":"(anonymous_2)","decl":{"start":{"line":19,"column":14},"end":{"line":19,"column":15}},"loc":{"start":{"line":19,"column":20},"end":{"line":25,"column":5}},"line":19},"3":{"name":"(anonymous_3)","decl":{"start":{"line":27,"column":21},"end":{"line":27,"column":22}},"loc":{"start":{"line":27,"column":33},"end":{"line":36,"column":5}},"line":27}},"branchMap":{"0":{"loc":{"start":{"line":20,"column":8},"end":{"line":24,"column":9}},"type":"if","locations":[{"start":{"line":20,"column":8},"end":{"line":24,"column":9}},{"start":{"line":22,"column":15},"end":{"line":24,"column":9}}],"line":20},"1":{"loc":{"start":{"line":20,"column":11},"end":{"line":20,"column":48}},"type":"binary-expr","locations":[{"start":{"line":20,"column":11},"end":{"line":20,"column":31}},{"start":{"line":20,"column":35},"end":{"line":20,"column":48}}],"line":20},"2":{"loc":{"start":{"line":28,"column":8},"end":{"line":35,"column":9}},"type":"if","locations":[{"start":{"line":28,"column":8},"end":{"line":35,"column":9}},{"start":{"line":33,"column":14},"end":{"line":35,"column":9}}],"line":28},"3":{"loc":{"start":{"line":41,"column":16},"end":{"line":41,"column":60}},"type":"cond-expr","locations":[{"start":{"line":41,"column":40},"end":{"line":41,"column":49}},{"start":{"line":41,"column":52},"end":{"line":41,"column":60}}],"line":41}},"s":{"0":1,"1":1,"2":1,"3":3,"4":3,"5":3,"6":3,"7":0,"8":3,"9":3,"10":1,"11":0,"12":0,"13":0,"14":0,"15":1,"16":3},"f":{"0":1,"1":3,"2":3,"3":1},"b":{"0":[0,3],"1":[3,3],"2":[0,1],"3":[3,0]},"_coverageSchema":"1a1c01bbd47fc00a2c39e90264f33305004495a9","hash":"f027ae4ba46e768e217578347c5069a84408591a"}
,"E:\\05-08-2022\\weather_country_app\\Screens\\HomeScreen\\styles.ts": {"path":"E:\\05-08-2022\\weather_country_app\\Screens\\HomeScreen\\styles.ts","statementMap":{"0":{"start":{"line":5,"column":15},"end":{"line":86,"column":2}}},"fnMap":{},"branchMap":{},"s":{"0":1},"f":{},"b":{},"_coverageSchema":"1a1c01bbd47fc00a2c39e90264f33305004495a9","hash":"979154b168a81da358bcb160a540a3bed11bbad2"}
}
